<?xml version="1.0" encoding="UTF-8"?>
<!-- Generated by org.testng.reporters.JUnitReportReporter -->
<testsuite hostname="DESKTOP-N73PS5E" failures="1" tests="4" name="com.simpleform.SimpleFormTest" time="17.619" errors="0" timestamp="10 Jun 2025 09:16:25 GMT" skipped="0">
  <testcase classname="com.simpleform.SimpleFormTest" name="testSimpleFormDemo" time="2.813"/>
  <testcase classname="com.simpleform.SimpleFormTest" name="testSimpleFormDemo" time="3.773">
    <failure message="Message validation failed. Output: " type="java.lang.AssertionError">
      <![CDATA[java.lang.AssertionError: Message validation failed. Output: 
at com.simpleform.SimpleFormTest.testSimpleFormDemo(SimpleFormTest.java:82)
at java.base/jdk.internal.reflect.DirectMethodHandleAccessor.invoke(DirectMethodHandleAccessor.java:103)
at java.base/java.lang.reflect.Method.invoke(Method.java:580)
at org.testng.internal.MethodInvocationHelper.invokeMethod(MethodInvocationHelper.java:124)
at org.testng.internal.InvokeMethodRunnable.runOne(InvokeMethodRunnable.java:54)
at org.testng.internal.InvokeMethodRunnable.run(InvokeMethodRunnable.java:44)
at org.testng.internal.MethodInvocationHelper.invokeWithTimeoutWithNoExecutor(MethodInvocationHelper.java:278)
at org.testng.internal.MethodInvocationHelper.invokeWithTimeout(MethodInvocationHelper.java:265)
at org.testng.internal.Invoker.invokeMethod(Invoker.java:589)
at org.testng.internal.Invoker.invokeTestMethod(Invoker.java:719)
at org.testng.internal.Invoker.invokeTestMethods(Invoker.java:989)
at org.testng.internal.TestMethodWorker.invokeTestMethods(TestMethodWorker.java:125)
at org.testng.internal.TestMethodWorker.run(TestMethodWorker.java:109)
at java.base/java.util.concurrent.ThreadPoolExecutor.runWorker(ThreadPoolExecutor.java:1144)
at java.base/java.util.concurrent.ThreadPoolExecutor$Worker.run(ThreadPoolExecutor.java:642)
at java.base/java.lang.Thread.run(Thread.java:1583)
]]>
    </failure>
  </testcase> <!-- testSimpleFormDemo -->
  <testcase classname="com.simpleform.SimpleFormTest" name="testSimpleFormDemo" time="2.507"/>
  <testcase classname="com.simpleform.SimpleFormTest" name="testSimpleFormDemo" time="8.526"/>
</testsuite> <!-- com.simpleform.SimpleFormTest -->
