<?xml version="1.0" encoding="UTF-8"?>
<!-- Generated by org.testng.reporters.JUnitReportReporter -->
<testsuite hostname="DESKTOP-N73PS5E" failures="0" tests="4" name="com.inputform.InputFormAutomation" time="54.624" errors="0" timestamp="10 Jun 2025 10:02:08 GMT" skipped="0">
  <testcase classname="com.inputform.InputFormAutomation" name="InputForm" time="15.066"/>
  <testcase classname="com.inputform.InputFormAutomation" name="InputForm" time="8.516"/>
  <testcase classname="com.inputform.InputFormAutomation" name="InputForm" time="16.010"/>
  <testcase classname="com.inputform.InputFormAutomation" name="InputForm" time="15.032"/>
</testsuite> <!-- com.inputform.InputFormAutomation -->
